C:\Users\tranngoctrung\Documents\Workspace\impHumanDetectionAndTracking\Debug\multitracking.pdb
C:\USERS\TRANNGOCTRUNG\DOCUMENTS\WORKSPACE\IMPHUMANDETECTIONANDTRACKING\MULTITRACKING\DEBUG\BASECLASSIFIER.OBJ
C:\Users\tranngoctrung\Documents\Workspace\impHumanDetectionAndTracking\multitracking\Debug\cl.command.1.tlog
C:\Users\tranngoctrung\Documents\Workspace\impHumanDetectionAndTracking\multitracking\Debug\CL.read.1.tlog
C:\Users\tranngoctrung\Documents\Workspace\impHumanDetectionAndTracking\multitracking\Debug\CL.write.1.tlog
C:\USERS\TRANNGOCTRUNG\DOCUMENTS\WORKSPACE\IMPHUMANDETECTIONANDTRACKING\MULTITRACKING\DEBUG\CLASSIFIERTHRESHOLD.OBJ
C:\USERS\TRANNGOCTRUNG\DOCUMENTS\WORKSPACE\IMPHUMANDETECTIONANDTRACKING\MULTITRACKING\DEBUG\ESTIMATEDGAUSSDISTRIBUTION.OBJ
C:\USERS\TRANNGOCTRUNG\DOCUMENTS\WORKSPACE\IMPHUMANDETECTIONANDTRACKING\MULTITRACKING\DEBUG\FEATUREHAAR.OBJ
C:\USERS\TRANNGOCTRUNG\DOCUMENTS\WORKSPACE\IMPHUMANDETECTIONANDTRACKING\MULTITRACKING\DEBUG\FEATUREHISTOGRAM.OBJ
C:\USERS\TRANNGOCTRUNG\DOCUMENTS\WORKSPACE\IMPHUMANDETECTIONANDTRACKING\MULTITRACKING\DEBUG\IMAGEREPRESENTATION.OBJ
C:\Users\tranngoctrung\Documents\Workspace\impHumanDetectionAndTracking\multitracking\Debug\link.command.1.tlog
C:\Users\tranngoctrung\Documents\Workspace\impHumanDetectionAndTracking\multitracking\Debug\link.read.1.tlog
C:\Users\tranngoctrung\Documents\Workspace\impHumanDetectionAndTracking\multitracking\Debug\link.write.1.tlog
C:\Users\tranngoctrung\Documents\Workspace\impHumanDetectionAndTracking\multitracking\Debug\multitracking.exe.embed.manifest
C:\USERS\TRANNGOCTRUNG\DOCUMENTS\WORKSPACE\IMPHUMANDETECTIONANDTRACKING\MULTITRACKING\DEBUG\MULTITRACKING.EXE.EMBED.MANIFEST.RES
C:\Users\tranngoctrung\Documents\Workspace\impHumanDetectionAndTracking\multitracking\Debug\multitracking.exe.intermediate.manifest
C:\USERS\TRANNGOCTRUNG\DOCUMENTS\WORKSPACE\IMPHUMANDETECTIONANDTRACKING\MULTITRACKING\DEBUG\MULTITRACKING.PCH
C:\Users\tranngoctrung\Documents\Workspace\impHumanDetectionAndTracking\multitracking\Debug\multitracking.write.1.tlog
C:\Users\tranngoctrung\Documents\Workspace\impHumanDetectionAndTracking\multitracking\Debug\multitracking_manifest.rc
C:\USERS\TRANNGOCTRUNG\DOCUMENTS\WORKSPACE\IMPHUMANDETECTIONANDTRACKING\MULTITRACKING\DEBUG\PATCHES.OBJ
C:\Users\tranngoctrung\Documents\Workspace\impHumanDetectionAndTracking\multitracking\Debug\rc.command.1.tlog
C:\Users\tranngoctrung\Documents\Workspace\impHumanDetectionAndTracking\multitracking\Debug\rc.read.1.tlog
C:\Users\tranngoctrung\Documents\Workspace\impHumanDetectionAndTracking\multitracking\Debug\rc.write.1.tlog
C:\USERS\TRANNGOCTRUNG\DOCUMENTS\WORKSPACE\IMPHUMANDETECTIONANDTRACKING\MULTITRACKING\DEBUG\REGIONS.OBJ
C:\USERS\TRANNGOCTRUNG\DOCUMENTS\WORKSPACE\IMPHUMANDETECTIONANDTRACKING\MULTITRACKING\DEBUG\STDAFX.OBJ
C:\USERS\TRANNGOCTRUNG\DOCUMENTS\WORKSPACE\IMPHUMANDETECTIONANDTRACKING\MULTITRACKING\DEBUG\STRONGCLASSIFIER.OBJ
C:\USERS\TRANNGOCTRUNG\DOCUMENTS\WORKSPACE\IMPHUMANDETECTIONANDTRACKING\MULTITRACKING\DEBUG\STRONGCLASSIFIERDIRECTSELECTION.OBJ
C:\USERS\TRANNGOCTRUNG\DOCUMENTS\WORKSPACE\IMPHUMANDETECTIONANDTRACKING\MULTITRACKING\DEBUG\STRONGCLASSIFIERSTANDARD.OBJ
C:\Users\tranngoctrung\Documents\Workspace\impHumanDetectionAndTracking\multitracking\Debug\vc100.idb
C:\USERS\TRANNGOCTRUNG\DOCUMENTS\WORKSPACE\IMPHUMANDETECTIONANDTRACKING\MULTITRACKING\DEBUG\VC100.PDB
C:\USERS\TRANNGOCTRUNG\DOCUMENTS\WORKSPACE\IMPHUMANDETECTIONANDTRACKING\MULTITRACKING\DEBUG\WEAKCLASSIFIER.OBJ
C:\USERS\TRANNGOCTRUNG\DOCUMENTS\WORKSPACE\IMPHUMANDETECTIONANDTRACKING\MULTITRACKING\DEBUG\WEAKCLASSIFIERHAARFEATURE.OBJ
C:\USERS\TRANNGOCTRUNG\DOCUMENTS\WORKSPACE\IMPHUMANDETECTIONANDTRACKING\MULTITRACKING\DEBUG\WEAKCLASSIFIERHISTOGRAMFEATURE.OBJ
