C:\USERS\TRANNGOCTRUNG\DOCUMENTS\WORKSPACE\IMPHUMANDETECTIONANDTRACKING\MULTITRACKING\X64\DEBUG\BASECLASSIFIER.OBJ
C:\Users\tranngoctrung\Documents\Workspace\impHumanDetectionAndTracking\multitracking\x64\Debug\cl.command.1.tlog
C:\Users\tranngoctrung\Documents\Workspace\impHumanDetectionAndTracking\multitracking\x64\Debug\CL.read.1.tlog
C:\Users\tranngoctrung\Documents\Workspace\impHumanDetectionAndTracking\multitracking\x64\Debug\CL.write.1.tlog
C:\USERS\TRANNGOCTRUNG\DOCUMENTS\WORKSPACE\IMPHUMANDETECTIONANDTRACKING\MULTITRACKING\X64\DEBUG\CLASSIFIERTHRESHOLD.OBJ
C:\USERS\TRANNGOCTRUNG\DOCUMENTS\WORKSPACE\IMPHUMANDETECTIONANDTRACKING\MULTITRACKING\X64\DEBUG\ESTIMATEDGAUSSDISTRIBUTION.OBJ
C:\USERS\TRANNGOCTRUNG\DOCUMENTS\WORKSPACE\IMPHUMANDETECTIONANDTRACKING\MULTITRACKING\X64\DEBUG\FEATUREHAAR.OBJ
C:\USERS\TRANNGOCTRUNG\DOCUMENTS\WORKSPACE\IMPHUMANDETECTIONANDTRACKING\MULTITRACKING\X64\DEBUG\FEATUREHISTOGRAM.OBJ
C:\USERS\TRANNGOCTRUNG\DOCUMENTS\WORKSPACE\IMPHUMANDETECTIONANDTRACKING\MULTITRACKING\X64\DEBUG\IMAGEREPRESENTATION.OBJ
C:\Users\tranngoctrung\Documents\Workspace\impHumanDetectionAndTracking\multitracking\x64\Debug\link.command.1.tlog
C:\Users\tranngoctrung\Documents\Workspace\impHumanDetectionAndTracking\multitracking\x64\Debug\link.read.1.tlog
C:\Users\tranngoctrung\Documents\Workspace\impHumanDetectionAndTracking\multitracking\x64\Debug\link.write.1.tlog
C:\Users\tranngoctrung\Documents\Workspace\impHumanDetectionAndTracking\multitracking\x64\Debug\multitracking.exe.intermediate.manifest
C:\USERS\TRANNGOCTRUNG\DOCUMENTS\WORKSPACE\IMPHUMANDETECTIONANDTRACKING\MULTITRACKING\X64\DEBUG\MULTITRACKING.PCH
C:\Users\tranngoctrung\Documents\Workspace\impHumanDetectionAndTracking\multitracking\x64\Debug\multitracking.write.1.tlog
C:\USERS\TRANNGOCTRUNG\DOCUMENTS\WORKSPACE\IMPHUMANDETECTIONANDTRACKING\MULTITRACKING\X64\DEBUG\PATCHES.OBJ
C:\USERS\TRANNGOCTRUNG\DOCUMENTS\WORKSPACE\IMPHUMANDETECTIONANDTRACKING\MULTITRACKING\X64\DEBUG\REGIONS.OBJ
C:\USERS\TRANNGOCTRUNG\DOCUMENTS\WORKSPACE\IMPHUMANDETECTIONANDTRACKING\MULTITRACKING\X64\DEBUG\STDAFX.OBJ
C:\USERS\TRANNGOCTRUNG\DOCUMENTS\WORKSPACE\IMPHUMANDETECTIONANDTRACKING\MULTITRACKING\X64\DEBUG\STRONGCLASSIFIER.OBJ
C:\USERS\TRANNGOCTRUNG\DOCUMENTS\WORKSPACE\IMPHUMANDETECTIONANDTRACKING\MULTITRACKING\X64\DEBUG\STRONGCLASSIFIERDIRECTSELECTION.OBJ
C:\USERS\TRANNGOCTRUNG\DOCUMENTS\WORKSPACE\IMPHUMANDETECTIONANDTRACKING\MULTITRACKING\X64\DEBUG\STRONGCLASSIFIERSTANDARD.OBJ
C:\Users\tranngoctrung\Documents\Workspace\impHumanDetectionAndTracking\multitracking\x64\Debug\vc100.idb
C:\USERS\TRANNGOCTRUNG\DOCUMENTS\WORKSPACE\IMPHUMANDETECTIONANDTRACKING\MULTITRACKING\X64\DEBUG\VC100.PDB
C:\USERS\TRANNGOCTRUNG\DOCUMENTS\WORKSPACE\IMPHUMANDETECTIONANDTRACKING\MULTITRACKING\X64\DEBUG\WEAKCLASSIFIER.OBJ
C:\USERS\TRANNGOCTRUNG\DOCUMENTS\WORKSPACE\IMPHUMANDETECTIONANDTRACKING\MULTITRACKING\X64\DEBUG\WEAKCLASSIFIERHAARFEATURE.OBJ
C:\USERS\TRANNGOCTRUNG\DOCUMENTS\WORKSPACE\IMPHUMANDETECTIONANDTRACKING\MULTITRACKING\X64\DEBUG\WEAKCLASSIFIERHISTOGRAMFEATURE.OBJ
C:\Users\tranngoctrung\Documents\Workspace\impHumanDetectionAndTracking\x64\Debug\multitracking.pdb
